<?xml version="1.0" encoding="utf-8"?><testsuites name="pytest tests"><testsuite name="basig_point_open3d_cloud" errors="1" failures="0" skipped="0" tests="1" time="0.332" timestamp="2026-01-25T10:50:59.212177-08:00" hostname="APLEGION"><testcase classname="" name="practice.with_unit_test_pytest.basic_point_open3d_cloud" time="0.000"><error message="collection failure">ImportError while importing test module 'C:\Users\vorns\PythonProject\PublicAP\practice\with_unit_test_pytest\basic_point_open3d_cloud.py'.
Hint: make sure your test modules/packages have valid Python names.
Traceback:
..\..\AppData\Local\Programs\Python\Python311\Lib\site-packages\_pytest\python.py:507: in importtestmodule
    mod = import_path(
..\..\AppData\Local\Programs\Python\Python311\Lib\site-packages\_pytest\pathlib.py:587: in import_path
    importlib.import_module(module_name)
..\..\AppData\Local\Programs\Python\Python311\Lib\importlib\__init__.py:126: in import_module
    return _bootstrap._gcd_import(name[level:], package, level)
           ^^^^^^^^^^^^^^^^^^^^^^^^^^^^^^^^^^^^^^^^^^^^^^^^^^^^
&lt;frozen importlib._bootstrap&gt;:1204: in _gcd_import
    ???
&lt;frozen importlib._bootstrap&gt;:1176: in _find_and_load
    ???
&lt;frozen importlib._bootstrap&gt;:1147: in _find_and_load_unlocked
    ???
&lt;frozen importlib._bootstrap&gt;:690: in _load_unlocked
    ???
..\..\AppData\Local\Programs\Python\Python311\Lib\site-packages\_pytest\assertion\rewrite.py:197: in exec_module
    exec(co, module.__dict__)
practice\with_unit_test_pytest\basic_point_open3d_cloud.py:4: in &lt;module&gt;
    import open3d as o3d
E   ModuleNotFoundError: No module named 'open3d'</error></testcase></testsuite></testsuites>