<?xml version="1.0" encoding="utf-8"?><testsuites name="pytest tests"><testsuite name="atoi_for_string" errors="0" failures="0" skipped="0" tests="5" time="0.023" timestamp="2026-01-15T10:30:30.085970-08:00" hostname="APLEGION"><testcase classname="atoi_for_string.Testatoi_for_string" name="test_atoi_for_string20" time="0.002" /><testcase classname="atoi_for_string.Testatoi_for_string" name="test_atoi_for_stringhello" time="0.001" /><testcase classname="atoi_for_string.Testatoi_for_string" name="test_atoi_for_stringn42" time="0.001" /><testcase classname="atoi_for_string.Testatoi_for_string" name="test_atoi_for_stringnlargerthansignint" time="0.001" /><testcase classname="atoi_for_string.Testatoi_for_string" name="test_atoi_for_stringp1" time="0.001" /></testsuite></testsuites>