<?xml version="1.0" encoding="utf-8"?><testsuites name="pytest tests"><testsuite name="check_if_brackets_closed_correctly" errors="0" failures="0" skipped="0" tests="5" time="0.026" timestamp="2026-01-21T16:55:06.353230-08:00" hostname="APLEGION"><testcase classname="check_if_brackets_closed_correctly.TestBracketVerification" name="test_verify_brackets_empty_string" time="0.001" /><testcase classname="check_if_brackets_closed_correctly.TestBracketVerification" name="test_verify_brackets_incorrect_closing_order" time="0.001" /><testcase classname="check_if_brackets_closed_correctly.TestBracketVerification" name="test_verify_brackets_nomatching" time="0.001" /><testcase classname="check_if_brackets_closed_correctly.TestBracketVerification" name="test_verify_brackets_three_in_arow" time="0.001" /><testcase classname="check_if_brackets_closed_correctly.TestBracketVerification" name="test_verify_brackets_three_nested" time="0.001" /></testsuite></testsuites>