<?xml version="1.0" encoding="utf-8"?><testsuites name="pytest tests"><testsuite name="circles_overlap" errors="0" failures="0" skipped="0" tests="3" time="0.049" timestamp="2026-03-13T12:02:35.878857-07:00" hostname="APLEGION"><testcase classname="circles_overlap.TestCirclesOverlap" name="test_horizontal_tangent" time="0.002" /><testcase classname="circles_overlap.TestCirclesOverlap" name="test_skewed_overlap" time="0.001" /><testcase classname="circles_overlap.TestCirclesOverlap" name="test_vertical_overlap" time="0.001" /></testsuite></testsuites>