<?xml version="1.0" encoding="utf-8"?><testsuites name="pytest tests"><testsuite name="substring_concatenation" errors="0" failures="0" skipped="0" tests="5" time="0.026" timestamp="2026-01-15T16:26:06.957700-08:00" hostname="APLEGION"><testcase classname="substring_concatenation.TestSubstring" name="test_failfindSubstring20oneletterwords31letters" time="0.001" /><testcase classname="substring_concatenation.TestSubstring" name="test_failfindSubstring30words1800letters" time="0.001" /><testcase classname="substring_concatenation.TestSubstring" name="test_findSubstring2_1letterwords3letters" time="0.000" /><testcase classname="substring_concatenation.TestSubstring" name="test_findSubstring2words12letters" time="0.001" /><testcase classname="substring_concatenation.TestSubstring" name="test_findSubstring3words21letters" time="0.001" /></testsuite></testsuites>