<?xml version="1.0" encoding="utf-8"?><testsuites name="pytest tests"><testsuite name="target_two_sum_numbers_hash" errors="0" failures="0" skipped="0" tests="3" time="0.041" timestamp="2026-03-13T22:36:30.254466-07:00" hostname="APLEGION"><testcase classname="target_sum_two_numbers_hash.TestSumTwoNumbers" name="test_0_1_9" time="0.002" /><testcase classname="target_sum_two_numbers_hash.TestSumTwoNumbers" name="test_0_6_6" time="0.001" /><testcase classname="target_sum_two_numbers_hash.TestSumTwoNumbers" name="test_10_empty" time="0.001" /></testsuite></testsuites>